Log file open, 12/19/17 17:28:08
LogWindows: Failed to load 'aqProf.dll' (GetLastError=126)
LogWindows: File 'aqProf.dll' does not exist
LogWindows: Failed to load 'VSPerf140.dll' (GetLastError=126)
LogWindows: File 'VSPerf140.dll' does not exist
LogWindows: Failed to load 'VtuneApi.dll' (GetLastError=126)
LogWindows: File 'VtuneApi.dll' does not exist
LogWindows: Failed to load 'VtuneApi32e.dll' (GetLastError=126)
LogWindows: File 'VtuneApi32e.dll' does not exist
LogInit: Display: Running engine for game: HelloWorld
LogPlatformFile: Not using cached read wrapper
LogInit: Display: RandInit(1939739462) SRandInit(1939739462).
LogInit: Read version file with build ID '3709383'
LogInit: Overriding engine version to CL 3794801, compatible CL 3709383
LogInit: Registered custom module enumerator with build ID '3709383'
LogTaskGraph: Started task graph with 5 named threads and 14 total threads with 3 sets of task threads.
LogStats: Stats thread started at 0.249255
LogD3D11RHI: Aftermath initialized
LogPluginManager: Mounting plugin Paper2D
LogPluginManager: Mounting plugin LightPropagationVolume
LogPluginManager: Mounting plugin CodeLiteSourceCodeAccess
LogPluginManager: Mounting plugin GitSourceControl
LogPluginManager: Mounting plugin KDevelopSourceCodeAccess
LogPluginManager: Mounting plugin NullSourceCodeAccess
LogPluginManager: Mounting plugin PerforceSourceControl
LogPluginManager: Mounting plugin SubversionSourceControl
LogPluginManager: Mounting plugin UObjectPlugin
LogPluginManager: Mounting plugin VisualStudioCodeSourceCodeAccess
LogPluginManager: Mounting plugin VisualStudioSourceCodeAccess
LogPluginManager: Mounting plugin XCodeSourceCodeAccess
LogPluginManager: Mounting plugin AssetManagerEditor
LogPluginManager: Mounting plugin AudioCapture
LogPluginManager: Mounting plugin FacialAnimation
LogPluginManager: Mounting plugin GameplayTagsEditor
LogPluginManager: Mounting plugin MobileLauncherProfileWizard
LogPluginManager: Mounting plugin PluginBrowser
LogPluginManager: Mounting plugin SpeedTreeImporter
LogPluginManager: Mounting plugin AlembicImporter
LogPluginManager: Mounting plugin CharacterAI
LogPluginManager: Mounting plugin HTML5Networking
LogPluginManager: Mounting plugin AndroidMedia
LogPluginManager: Mounting plugin AvfMedia
LogPluginManager: Mounting plugin ImgMedia
LogPluginManager: Mounting plugin MediaCompositing
LogPluginManager: Mounting plugin MediaPlayerEditor
LogPluginManager: Mounting plugin WmfMedia
LogPluginManager: Mounting plugin TcpMessaging
LogPluginManager: Mounting plugin UdpMessaging
LogPluginManager: Mounting plugin ActorSequence
LogPluginManager: Mounting plugin LevelSequenceEditor
LogPluginManager: Mounting plugin MatineeToLevelSequence
LogPluginManager: Mounting plugin OnlineSubsystemGooglePlay
LogPluginManager: Mounting plugin OnlineSubsystemIOS
LogPluginManager: Mounting plugin OnlineSubsystem
LogPluginManager: Mounting plugin OnlineSubsystemNull
LogPluginManager: Mounting plugin OnlineSubsystemUtils
LogPluginManager: Mounting plugin AndroidDeviceProfileSelector
LogPluginManager: Mounting plugin AndroidMoviePlayer
LogPluginManager: Mounting plugin AndroidPermission
LogPluginManager: Mounting plugin AppleARKit
LogPluginManager: Mounting plugin AppleMoviePlayer
LogPluginManager: Mounting plugin ArchVisCharacter
LogPluginManager: Mounting plugin CableComponent
LogPluginManager: Mounting plugin CustomMeshComponent
LogPluginManager: Mounting plugin ExampleDeviceProfileSelector
LogPluginManager: Mounting plugin GoogleCloudMessaging
LogPluginManager: Mounting plugin ImmediatePhysics
LogPluginManager: Mounting plugin IOSDeviceProfileSelector
LogPluginManager: Mounting plugin LinuxDeviceProfileSelector
LogPluginManager: Mounting plugin LocationServicesBPLibrary
LogPluginManager: Mounting plugin MobilePatchingUtils
LogPluginManager: Mounting plugin OculusVR
LogPluginManager: Plugin shader directory ../../../Engine/Plugins/Runtime/Oculus/OculusVR/Shaders found
LogPluginManager: Mapping shader source directory ../../../Engine/Plugins/Runtime/Oculus/OculusVR/Shaders to virtual directory /Plugin/OculusVR
LogPluginManager: Mounting plugin PhysXVehicles
LogPluginManager: Mounting plugin ProceduralMeshComponent
LogPluginManager: Mounting plugin RuntimePhysXCooking
LogPluginManager: Mounting plugin SteamVR
LogPluginManager: Mounting plugin WindowsMoviePlayer
LogPluginManager: Mounting plugin URoboSim
LogPluginManager: Mounting plugin UROSBridge
LogModuleManager: Display: Found up-to-date module file D:/unreal engine/Unreal Projects/HelloWorld/Binaries/Win64/UE4Editor-HelloWorld.dll (API version 3709383).
LogModuleManager: Display: Found up-to-date module file ../../../Engine/Plugins/2D/Paper2D/Binaries/Win64/UE4Editor-Paper2D.dll (API version 3709383).
LogModuleManager: Display: Found up-to-date module file ../../../Engine/Plugins/2D/Paper2D/Binaries/Win64/UE4Editor-Paper2DEditor.dll (API version 3709383).
LogModuleManager: Display: Found up-to-date module file ../../../Engine/Plugins/2D/Paper2D/Binaries/Win64/UE4Editor-PaperSpriteSheetImporter.dll (API version 3709383).
LogModuleManager: Display: Found up-to-date module file ../../../Engine/Plugins/2D/Paper2D/Binaries/Win64/UE4Editor-PaperTiledImporter.dll (API version 3709383).
LogModuleManager: Display: Found up-to-date module file ../../../Engine/Plugins/2D/Paper2D/Binaries/Win64/UE4Editor-SmartSnapping.dll (API version 3709383).
LogModuleManager: Display: Found up-to-date module file ../../../Engine/Plugins/Blendables/LightPropagationVolume/Binaries/Win64/UE4Editor-LightPropagationVolumeRuntime.dll (API version 3709383).
LogModuleManager: Display: Found up-to-date module file ../../../Engine/Plugins/Blendables/LightPropagationVolume/Binaries/Win64/UE4Editor-LightPropagationVolumeEditor.dll (API version 3709383).
LogModuleManager: Display: Found up-to-date module file ../../../Engine/Plugins/Developer/GitSourceControl/Binaries/Win64/UE4Editor-GitSourceControl.dll (API version 3709383).
LogModuleManager: Display: Found up-to-date module file ../../../Engine/Plugins/Developer/PerforceSourceControl/Binaries/Win64/UE4Editor-PerforceSourceControl.dll (API version 3709383).
LogModuleManager: Display: Found up-to-date module file ../../../Engine/Plugins/Developer/SubversionSourceControl/Binaries/Win64/UE4Editor-SubversionSourceControl.dll (API version 3709383).
LogModuleManager: Display: Found up-to-date module file ../../../Engine/Plugins/Developer/UObjectPlugin/Binaries/Win64/UE4Editor-UObjectPlugin.dll (API version 3709383).
LogModuleManager: Display: Found up-to-date module file ../../../Engine/Plugins/Developer/VisualStudioCodeSourceCodeAccess/Binaries/Win64/UE4Editor-VisualStudioCodeSourceCodeAccess.dll (API version 3709383).
LogModuleManager: Display: Found up-to-date module file ../../../Engine/Plugins/Developer/VisualStudioSourceCodeAccess/Binaries/Win64/UE4Editor-VisualStudioSourceCodeAccess.dll (API version 3709383).
LogModuleManager: Display: Found up-to-date module file ../../../Engine/Plugins/Editor/AssetManagerEditor/Binaries/Win64/UE4Editor-AssetManagerEditor.dll (API version 3709383).
LogModuleManager: Display: Found up-to-date module file ../../../Engine/Plugins/Editor/AudioCapture/Binaries/Win64/UE4Editor-AudioCapture.dll (API version 3709383).
LogModuleManager: Display: Found up-to-date module file ../../../Engine/Plugins/Editor/FacialAnimation/Binaries/Win64/UE4Editor-FacialAnimation.dll (API version 3709383).
LogModuleManager: Display: Found up-to-date module file ../../../Engine/Plugins/Editor/FacialAnimation/Binaries/Win64/UE4Editor-FacialAnimationEditor.dll (API version 3709383).
LogModuleManager: Display: Found up-to-date module file ../../../Engine/Plugins/Editor/GameplayTagsEditor/Binaries/Win64/UE4Editor-GameplayTagsEditor.dll (API version 3709383).
LogModuleManager: Display: Found up-to-date module file ../../../Engine/Plugins/Editor/MobileLauncherProfileWizard/Binaries/Win64/UE4Editor-MobileLauncherProfileWizard.dll (API version 3709383).
LogModuleManager: Display: Found up-to-date module file ../../../Engine/Plugins/Editor/PluginBrowser/Binaries/Win64/UE4Editor-PluginBrowser.dll (API version 3709383).
LogModuleManager: Display: Found up-to-date module file ../../../Engine/Plugins/Editor/SpeedTreeImporter/Binaries/Win64/UE4Editor-SpeedTreeImporter.dll (API version 3709383).
LogModuleManager: Display: Found up-to-date module file ../../../Engine/Plugins/Experimental/AlembicImporter/Binaries/Win64/UE4Editor-AlembicImporter.dll (API version 3709383).
LogModuleManager: Display: Found up-to-date module file ../../../Engine/Plugins/Experimental/AlembicImporter/Binaries/Win64/UE4Editor-AlembicLibrary.dll (API version 3709383).
LogModuleManager: Display: Found up-to-date module file ../../../Engine/Plugins/Experimental/CharacterAI/Binaries/Win64/UE4Editor-CharacterAI.dll (API version 3709383).
LogModuleManager: Display: Found up-to-date module file ../../../Engine/Plugins/Experimental/HTML5Networking/Binaries/Win64/UE4Editor-HTML5Networking.dll (API version 3709383).
LogModuleManager: Display: Found up-to-date module file ../../../Engine/Plugins/Media/AndroidMedia/Binaries/Win64/UE4Editor-AndroidMediaEditor.dll (API version 3709383).
LogModuleManager: Display: Found up-to-date module file ../../../Engine/Plugins/Media/AndroidMedia/Binaries/Win64/UE4Editor-AndroidMediaFactory.dll (API version 3709383).
LogModuleManager: Display: Found up-to-date module file ../../../Engine/Plugins/Media/AvfMedia/Binaries/Win64/UE4Editor-AvfMediaEditor.dll (API version 3709383).
LogModuleManager: Display: Found up-to-date module file ../../../Engine/Plugins/Media/AvfMedia/Binaries/Win64/UE4Editor-AvfMediaFactory.dll (API version 3709383).
LogModuleManager: Display: Found up-to-date module file ../../../Engine/Plugins/Media/AvfMedia/Binaries/Win64/UE4Editor-AvfMediaFactory.dll (API version 3709383).
LogModuleManager: Display: Found up-to-date module file ../../../Engine/Plugins/Media/ImgMedia/Binaries/Win64/UE4Editor-ImgMedia.dll (API version 3709383).
LogModuleManager: Display: Found up-to-date module file ../../../Engine/Plugins/Media/ImgMedia/Binaries/Win64/UE4Editor-ImgMediaEditor.dll (API version 3709383).
LogModuleManager: Display: Found up-to-date module file ../../../Engine/Plugins/Media/ImgMedia/Binaries/Win64/UE4Editor-ImgMediaFactory.dll (API version 3709383).
LogModuleManager: Display: Found up-to-date module file ../../../Engine/Plugins/Media/ImgMedia/Binaries/Win64/UE4Editor-ImgMediaFactory.dll (API version 3709383).
LogModuleManager: Display: Found up-to-date module file ../../../Engine/Plugins/Media/ImgMedia/Binaries/Win64/UE4Editor-OpenExrWrapper.dll (API version 3709383).
LogModuleManager: Display: Found up-to-date module file ../../../Engine/Plugins/Media/MediaCompositing/Binaries/Win64/UE4Editor-MediaCompositing.dll (API version 3709383).
LogModuleManager: Display: Found up-to-date module file ../../../Engine/Plugins/Media/MediaCompositing/Binaries/Win64/UE4Editor-MediaCompositingEditor.dll (API version 3709383).
LogModuleManager: Display: Found up-to-date module file ../../../Engine/Plugins/Media/MediaPlayerEditor/Binaries/Win64/UE4Editor-MediaPlayerEditor.dll (API version 3709383).
LogModuleManager: Display: Found up-to-date module file ../../../Engine/Plugins/Media/WmfMedia/Binaries/Win64/UE4Editor-WmfMedia.dll (API version 3709383).
LogModuleManager: Display: Found up-to-date module file ../../../Engine/Plugins/Media/WmfMedia/Binaries/Win64/UE4Editor-WmfMediaEditor.dll (API version 3709383).
LogModuleManager: Display: Found up-to-date module file ../../../Engine/Plugins/Media/WmfMedia/Binaries/Win64/UE4Editor-WmfMediaFactory.dll (API version 3709383).
LogModuleManager: Display: Found up-to-date module file ../../../Engine/Plugins/Media/WmfMedia/Binaries/Win64/UE4Editor-WmfMediaFactory.dll (API version 3709383).
LogModuleManager: Display: Found up-to-date module file ../../../Engine/Plugins/Messaging/TcpMessaging/Binaries/Win64/UE4Editor-TcpMessaging.dll (API version 3709383).
LogModuleManager: Display: Found up-to-date module file ../../../Engine/Plugins/Messaging/UdpMessaging/Binaries/Win64/UE4Editor-UdpMessaging.dll (API version 3709383).
LogModuleManager: Display: Found up-to-date module file ../../../Engine/Plugins/MovieScene/ActorSequence/Binaries/Win64/UE4Editor-ActorSequence.dll (API version 3709383).
LogModuleManager: Display: Found up-to-date module file ../../../Engine/Plugins/MovieScene/LevelSequenceEditor/Binaries/Win64/UE4Editor-LevelSequenceEditor.dll (API version 3709383).
LogModuleManager: Display: Found up-to-date module file ../../../Engine/Plugins/MovieScene/MatineeToLevelSequence/Binaries/Win64/UE4Editor-MatineeToLevelSequence.dll (API version 3709383).
LogModuleManager: Display: Found up-to-date module file ../../../Engine/Plugins/Online/OnlineSubsystem/Binaries/Win64/UE4Editor-OnlineSubsystem.dll (API version 3709383).
LogModuleManager: Display: Found up-to-date module file ../../../Engine/Plugins/Online/OnlineSubsystemNull/Binaries/Win64/UE4Editor-OnlineSubsystemNull.dll (API version 3709383).
LogModuleManager: Display: Found up-to-date module file ../../../Engine/Plugins/Online/OnlineSubsystemUtils/Binaries/Win64/UE4Editor-OnlineSubsystemUtils.dll (API version 3709383).
LogModuleManager: Display: Found up-to-date module file ../../../Engine/Plugins/Online/OnlineSubsystemUtils/Binaries/Win64/UE4Editor-OnlineBlueprintSupport.dll (API version 3709383).
LogModuleManager: Display: Found up-to-date module file ../../../Engine/Plugins/Runtime/AndroidDeviceProfileSelector/Binaries/Win64/UE4Editor-AndroidDeviceProfileSelector.dll (API version 3709383).
LogModuleManager: Display: Found up-to-date module file ../../../Engine/Plugins/Runtime/AndroidPermission/Binaries/Win64/UE4Editor-AndroidPermission.dll (API version 3709383).
LogModuleManager: Display: Found up-to-date module file ../../../Engine/Plugins/Runtime/AppleARKit/Binaries/Win64/UE4Editor-AppleARKit.dll (API version 3709383).
LogModuleManager: Display: Found up-to-date module file ../../../Engine/Plugins/Runtime/ArchVisCharacter/Binaries/Win64/UE4Editor-ArchVisCharacter.dll (API version 3709383).
LogModuleManager: Display: Found up-to-date module file ../../../Engine/Plugins/Runtime/CableComponent/Binaries/Win64/UE4Editor-CableComponent.dll (API version 3709383).
LogModuleManager: Display: Found up-to-date module file ../../../Engine/Plugins/Runtime/CustomMeshComponent/Binaries/Win64/UE4Editor-CustomMeshComponent.dll (API version 3709383).
LogModuleManager: Display: Found up-to-date module file ../../../Engine/Plugins/Runtime/ExampleDeviceProfileSelector/Binaries/Win64/UE4Editor-ExampleDeviceProfileSelector.dll (API version 3709383).
LogModuleManager: Display: Found up-to-date module file ../../../Engine/Plugins/Runtime/ImmediatePhysics/Binaries/Win64/UE4Editor-ImmediatePhysics.dll (API version 3709383).
LogModuleManager: Display: Found up-to-date module file ../../../Engine/Plugins/Runtime/ImmediatePhysics/Binaries/Win64/UE4Editor-ImmediatePhysicsEditor.dll (API version 3709383).
LogModuleManager: Display: Found up-to-date module file ../../../Engine/Plugins/Runtime/LocationServicesBPLibrary/Binaries/Win64/UE4Editor-LocationServicesBPLibrary.dll (API version 3709383).
LogModuleManager: Display: Found up-to-date module file ../../../Engine/Plugins/Runtime/MobilePatchingUtils/Binaries/Win64/UE4Editor-MobilePatchingUtils.dll (API version 3709383).
LogModuleManager: Display: Found up-to-date module file ../../../Engine/Plugins/Runtime/Oculus/OculusVR/Binaries/Win64/UE4Editor-OculusHMD.dll (API version 3709383).
LogModuleManager: Display: Found up-to-date module file ../../../Engine/Plugins/Runtime/Oculus/OculusVR/Binaries/Win64/UE4Editor-OculusInput.dll (API version 3709383).
LogModuleManager: Display: Found up-to-date module file ../../../Engine/Plugins/Runtime/Oculus/OculusVR/Binaries/Win64/UE4Editor-OculusEditor.dll (API version 3709383).
LogModuleManager: Display: Found up-to-date module file ../../../Engine/Plugins/Runtime/PhysXVehicles/Binaries/Win64/UE4Editor-PhysXVehicles.dll (API version 3709383).
LogModuleManager: Display: Found up-to-date module file ../../../Engine/Plugins/Runtime/PhysXVehicles/Binaries/Win64/UE4Editor-PhysXVehiclesEditor.dll (API version 3709383).
LogModuleManager: Display: Found up-to-date module file ../../../Engine/Plugins/Runtime/ProceduralMeshComponent/Binaries/Win64/UE4Editor-ProceduralMeshComponent.dll (API version 3709383).
LogModuleManager: Display: Found up-to-date module file ../../../Engine/Plugins/Runtime/ProceduralMeshComponent/Binaries/Win64/UE4Editor-ProceduralMeshComponentEditor.dll (API version 3709383).
LogModuleManager: Display: Found up-to-date module file ../../../Engine/Plugins/Runtime/RuntimePhysXCooking/Binaries/Win64/UE4Editor-RuntimePhysXCooking.dll (API version 3709383).
LogModuleManager: Display: Found up-to-date module file ../../../Engine/Plugins/Runtime/Steam/SteamVR/Binaries/Win64/UE4Editor-SteamVR.dll (API version 3709383).
LogModuleManager: Display: Found up-to-date module file ../../../Engine/Plugins/Runtime/Steam/SteamVR/Binaries/Win64/UE4Editor-SteamVRController.dll (API version 3709383).
LogModuleManager: Display: Found up-to-date module file ../../../Engine/Plugins/Runtime/WindowsMoviePlayer/Binaries/Win64/UE4Editor-WindowsMoviePlayer.dll (API version 3709383).
LogModuleManager: Display: Found up-to-date module file D:/unreal engine/Unreal Projects/HelloWorld/Plugins/URoboSim/Binaries/Win64/UE4Editor-URoboSim.dll (API version 3709383).
LogModuleManager: Display: Found up-to-date module file D:/unreal engine/Unreal Projects/HelloWorld/Plugins/URoboSim/Binaries/Win64/UE4Editor-URoboSimEd.dll (API version 3709383).
LogModuleManager: Display: Found up-to-date module file D:/unreal engine/Unreal Projects/HelloWorld/Plugins/UROSBridge/Binaries/Win64/UE4Editor-UROSBridge.dll (API version 3709383).
LogInit: Using libcurl 7.47.1
LogInit:  - built for x86_64-pc-win32
LogInit:  - supports SSL with OpenSSL/1.0.2g
LogInit:  - supports HTTP deflate (compression) using libz 1.2.8
LogInit:  - other features:
LogInit:      CURL_VERSION_SSL
LogInit:      CURL_VERSION_LIBZ
LogInit:      CURL_VERSION_IPV6
LogInit:      CURL_VERSION_ASYNCHDNS
LogInit:      CURL_VERSION_LARGEFILE
LogInit:      CURL_VERSION_IDN
LogInit:  CurlRequestOptions (configurable via config and command line):
LogInit:  - bVerifyPeer = false  - Libcurl will NOT verify peer certificate
LogInit:  - bUseHttpProxy = false  - Libcurl will NOT use HTTP proxy
LogInit:  - bDontReuseConnections = false  - Libcurl will reuse connections
LogInit:  - CertBundlePath = nullptr  - Libcurl will use whatever was configured at build time.
LogInit: Build: ++UE4+Release-4.18-CL-3794801
LogInit: Engine Version: 4.18.2-3794801+++UE4+Release-4.18
LogInit: Compatible Engine Version: 4.18.0-3709383+++UE4+Release-4.18
LogInit: Net CL: 3709383
LogDevObjectVersion: Number of dev versions registered: 16
LogDevObjectVersion:   Dev-Blueprints (B0D832E4-1F89-4F0D-ACCF-7EB736FD4AA2): 10
LogDevObjectVersion:   Dev-Build (E1C64328-A22C-4D53-A36C-8E866417BD8C): 0
LogDevObjectVersion:   Dev-Core (375EC13C-06E4-48FB-B500-84F0262A717E): 2
LogDevObjectVersion:   Dev-Editor (E4B068ED-F494-42E9-A231-DA0B2E46BB41): 20
LogDevObjectVersion:   Dev-Framework (CFFC743F-43B0-4480-9391-14DF171D2073): 30
LogDevObjectVersion:   Dev-Mobile (B02B49B5-BB20-44E9-A304-32B752E40360): 0
LogDevObjectVersion:   Dev-Networking (A4E4105C-59A1-49B5-A7C5-40C4547EDFEE): 0
LogDevObjectVersion:   Dev-Online (39C831C9-5AE6-47DC-9A44-9C173E1C8E7C): 0
LogDevObjectVersion:   Dev-Physics (78F01B33-EBEA-4F98-B9B4-84EACCB95AA2): 0
LogDevObjectVersion:   Dev-Platform (6631380F-2D4D-43E0-8009-CF276956A95A): 0
LogDevObjectVersion:   Dev-Rendering (12F88B9F-8875-4AFC-A67C-D90C383ABD29): 20
LogDevObjectVersion:   Dev-Sequencer (7B5AE74C-D270-4C10-A958-57980B212A5A): 4
LogDevObjectVersion:   Dev-VR (D7296918-1DD6-4BDD-9DE2-64A83CC13884): 0
LogDevObjectVersion:   Dev-LoadTimes (C2A15278-BFE7-4AFE-6C17-90FF531DF755): 1
LogDevObjectVersion:   Private-Geometry (6EACA3D4-40EC-4CC1-B786-8BED09428FC5): 1
LogDevObjectVersion:   Dev-AnimPhys (29E575DD-E0A3-4627-9D10-D276232CDCEA): 12
LogInit: Compiled (64-bit): Dec  8 2017 02:04:53
LogInit: Compiled with Visual C++: 19.00.24215.01
LogInit: Build Configuration: Development
LogInit: Branch Name: ++UE4+Release-4.18
LogInit: Command line:  -skipcompile
LogInit: Base directory: C:/Program Files/Epic Games/UE_4.18/Engine/Binaries/Win64/
LogInit: Installed Engine Build: 1
LogInit: Presizing for max 8388607 objects, including 0 objects not considered by GC, pre-allocating 0 bytes for permanent pool.
LogInit: Object subsystem initialized
[2017.12.19-16.28.10:231][  0]LogInit: Selected Device Profile: [Windows]
[2017.12.19-16.28.10:231][  0]LogInit: Applying CVar settings loaded from the selected device profile: [Windows]
[2017.12.19-16.28.10:241][  0]LogInit: Computer: DESKTOP-INMJF5R
[2017.12.19-16.28.10:241][  0]LogInit: User: guan
[2017.12.19-16.28.10:241][  0]LogInit: CPU Page size=4096, Cores=4
[2017.12.19-16.28.10:241][  0]LogInit: High frequency timer resolution =2.533209 MHz
[2017.12.19-16.28.10:241][  0]LogMemory: Memory total: Physical=7.9GB (8GB approx)
[2017.12.19-16.28.10:241][  0]LogMemory: Platform Memory Stats for Windows
[2017.12.19-16.28.10:241][  0]LogMemory: Process Physical Memory: 273.73 MB used, 273.73 MB peak
[2017.12.19-16.28.10:242][  0]LogMemory: Process Virtual Memory: 269.61 MB used, 269.61 MB peak
[2017.12.19-16.28.10:242][  0]LogMemory: Physical Memory: 5286.07 MB used,  2794.98 MB free, 8081.05 MB total
[2017.12.19-16.28.10:242][  0]LogMemory: Virtual Memory: 644.05 MB used,  2794.98 MB free, 134217728.00 MB total
[2017.12.19-16.28.10:438][  0]LogInit: Using OS detected language (en-US).
[2017.12.19-16.28.10:438][  0]LogInit: Using OS detected locale (en-DE).
[2017.12.19-16.28.10:440][  0]LogTextLocalizationManager: No specific localization for 'en-US' exists, so the 'en' localization will be used.
[2017.12.19-16.28.10:846][  0]LogInit: Setting process to per monitor DPI aware
[2017.12.19-16.28.11:119][  0]LogD3D11RHI: D3D11 adapters:
[2017.12.19-16.28.11:152][  0]LogD3D11RHI:    0. 'NVIDIA GeForce GTX 950M           ' (Feature Level 11_0)
[2017.12.19-16.28.11:152][  0]LogD3D11RHI:       1995/0/4040 MB DedicatedVideo/DedicatedSystem/SharedSystem, Outputs:1, VendorId:0x10de
[2017.12.19-16.28.11:166][  0]LogD3D11RHI:    1. 'Intel(R) HD Graphics 4600' (Feature Level 11_0)
[2017.12.19-16.28.11:166][  0]LogD3D11RHI:       112/0/2048 MB DedicatedVideo/DedicatedSystem/SharedSystem, Outputs:0, VendorId:0x8086
[2017.12.19-16.28.11:171][  0]LogD3D11RHI:    2. 'Microsoft Basic Render Driver' (Feature Level 11_0)
[2017.12.19-16.28.11:171][  0]LogD3D11RHI:       0/0/4040 MB DedicatedVideo/DedicatedSystem/SharedSystem, Outputs:0, VendorId:0x1414
[2017.12.19-16.28.11:171][  0]LogD3D11RHI: Chosen D3D11 Adapter: 0
[2017.12.19-16.28.11:178][  0]LogD3D11RHI: Creating new Direct3DDevice
[2017.12.19-16.28.11:178][  0]LogD3D11RHI:     GPU DeviceId: 0x139a (for the marketing name, search the web for "GPU Device Id")
[2017.12.19-16.28.11:178][  0]LogWindows: EnumDisplayDevices:
[2017.12.19-16.28.11:178][  0]LogWindows:    0. 'Intel(R) HD Graphics 4600' (P:1 D:1)
[2017.12.19-16.28.11:179][  0]LogWindows:    1. 'Intel(R) HD Graphics 4600' (P:0 D:0)
[2017.12.19-16.28.11:179][  0]LogWindows:    2. 'Intel(R) HD Graphics 4600' (P:0 D:0)
[2017.12.19-16.28.11:179][  0]LogWindows: DebugString: PrimaryIsNotTheChoosenAdapter PrimaryIsNotTheChoosenAdapter PrimaryIsNotTheChoosenAdapter FoundDriverCount:0 
[2017.12.19-16.28.11:179][  0]LogD3D11RHI:     Adapter Name: NVIDIA GeForce GTX 950M           
[2017.12.19-16.28.11:179][  0]LogD3D11RHI:   Driver Version: Unknown (internal:Unknown, unified:Unknown)
[2017.12.19-16.28.11:179][  0]LogD3D11RHI:      Driver Date: Unknown
[2017.12.19-16.28.11:180][  0]LogRHI: Texture pool is 1397 MB (70% of 1995 MB)
[2017.12.19-16.28.11:334][  0]LogD3D11RHI: NvAPI_D3D_GetCurrentSLIState failed: 0xfffffff7
[2017.12.19-16.28.11:334][  0]LogD3D11RHI: Async texture creation enabled
[2017.12.19-16.28.11:350][  0]LogD3D11RHI: GPU Timing Frequency: 1000.000000 (Debug: 2 2)
[2017.12.19-16.28.11:351][  0]LogShaderCompilers: Guid format shader working directory is 1 characters bigger than the processId version (D:/unreal engine/Unreal Projects/HelloWorld/Intermediate/Shaders/WorkingDirectory/16392/).
[2017.12.19-16.28.11:351][  0]LogShaderCompilers: Cleaned the shader compiler working directory 'C:/Users/guan/AppData/Local/Temp/UnrealShaderWorkingDir/5BD620A341BC752BF3FF36A9C6CC2FC6/'.
[2017.12.19-16.28.11:351][  0]LogShaderCompilers: Display: Using Local Shader Compiler.
[2017.12.19-16.28.12:322][  0]LogTemp: Display: Loaded TP AllDesktopTargetPlatform
[2017.12.19-16.28.12:389][  0]LogTemp: Display: Loaded TP MacClientTargetPlatform
[2017.12.19-16.28.12:450][  0]LogTemp: Display: Loaded TP MacNoEditorTargetPlatform
[2017.12.19-16.28.12:513][  0]LogTemp: Display: Loaded TP MacServerTargetPlatform
[2017.12.19-16.28.12:581][  0]LogTemp: Display: Loaded TP MacTargetPlatform
[2017.12.19-16.28.12:643][  0]LogTemp: Display: Loaded TP WindowsClientTargetPlatform
[2017.12.19-16.28.12:705][  0]LogTemp: Display: Loaded TP WindowsNoEditorTargetPlatform
[2017.12.19-16.28.12:768][  0]LogTemp: Display: Loaded TP WindowsServerTargetPlatform
[2017.12.19-16.28.12:824][  0]LogTemp: Display: Loaded TP WindowsTargetPlatform
[2017.12.19-16.28.12:884][  0]LogTemp: Display: Loaded TP Android_ASTCTargetPlatform
[2017.12.19-16.28.12:945][  0]LogTemp: Display: Loaded TP Android_ATCTargetPlatform
[2017.12.19-16.28.13:005][  0]LogTemp: Display: Loaded TP Android_DXTTargetPlatform
[2017.12.19-16.28.13:064][  0]LogTemp: Display: Loaded TP Android_ETC1TargetPlatform
[2017.12.19-16.28.13:125][  0]LogTemp: Display: Loaded TP Android_ETC2TargetPlatform
[2017.12.19-16.28.13:248][  0]LogTemp: Display: Loaded TP Android_MultiTargetPlatform
[2017.12.19-16.28.13:249][  0]LogTemp: Display: Loaded TP Android_PVRTCTargetPlatform
[2017.12.19-16.28.13:309][  0]LogTemp: Display: Loaded TP AndroidTargetPlatform
[2017.12.19-16.28.13:361][  0]LogTemp: Display: Loaded TP HTML5TargetPlatform
[2017.12.19-16.28.13:471][  0]LogTemp: Display: Loaded TP IOSTargetPlatform
[2017.12.19-16.28.13:503][  0]LogTemp: Display: Loaded TP TVOSTargetPlatform
[2017.12.19-16.28.13:562][  0]LogTemp: Display: Loaded TP LinuxClientTargetPlatform
[2017.12.19-16.28.13:622][  0]LogTemp: Display: Loaded TP LinuxNoEditorTargetPlatform
[2017.12.19-16.28.13:681][  0]LogTemp: Display: Loaded TP LinuxServerTargetPlatform
[2017.12.19-16.28.13:743][  0]LogTemp: Display: Loaded TP LinuxTargetPlatform
[2017.12.19-16.28.13:743][  0]LogTargetPlatformManager: Display: Building Assets For Windows
[2017.12.19-16.28.14:345][  0]LogDerivedDataCache: Display: Max Cache Size: 512 MB
[2017.12.19-16.28.14:436][  0]LogDerivedDataCache: Loaded boot cache 0.09s 78MB C:/Users/guan/AppData/Local/UnrealEngine/4.18/DerivedDataCache/Boot.ddc.
[2017.12.19-16.28.14:437][  0]LogDerivedDataCache: Display: Loaded Boot cache: C:/Users/guan/AppData/Local/UnrealEngine/4.18/DerivedDataCache/Boot.ddc
[2017.12.19-16.28.14:437][  0]LogDerivedDataCache: FDerivedDataBackendGraph:  Pak pak cache file D:/unreal engine/Unreal Projects/HelloWorld/DerivedDataCache/DDC.ddp not found, will not use a pak cache.
[2017.12.19-16.28.14:437][  0]LogDerivedDataCache: Unable to find inner node Pak for hierarchical cache Hierarchy.
[2017.12.19-16.28.14:437][  0]LogDerivedDataCache: FDerivedDataBackendGraph:  CompressedPak pak cache file D:/unreal engine/Unreal Projects/HelloWorld/DerivedDataCache/Compressed.ddp not found, will not use a pak cache.
[2017.12.19-16.28.14:437][  0]LogDerivedDataCache: Unable to find inner node CompressedPak for hierarchical cache Hierarchy.
[2017.12.19-16.28.14:454][  0]LogDerivedDataCache: Display: Pak cache opened for reading ../../../Engine/DerivedDataCache/Compressed.ddp.
[2017.12.19-16.28.14:469][  0]LogDerivedDataCache: Using Local data cache path C:/Users/guan/AppData/Local/UnrealEngine/Common/DerivedDataCache: Writable
[2017.12.19-16.28.14:480][  0]LogMaterial: Verifying Global Shaders for PCD3D_SM5
[2017.12.19-16.28.14:481][  0]LogSlate: Using Freetype 2.6.0
[2017.12.19-16.28.14:482][  0]LogSlate: SlateFontCache - WITH_FREETYPE: 1, WITH_HARFBUZZ: 1
[2017.12.19-16.28.14:482][  0]LogSlate: SlateFontCache - WITH_FREETYPE: 1, WITH_HARFBUZZ: 1
[2017.12.19-16.28.14:842][  0]LogInit: Selected Device Profile: [Windows]
[2017.12.19-16.28.15:157][  0]LogSimplygon: Simplygon DLL not present - disabling.
[2017.12.19-16.28.15:212][  0]LogMeshReduction: Using SimplygonSwarm for distributed automatic mesh merging
[2017.12.19-16.28.15:212][  0]LogMeshReduction: Using QuadricMeshReduction for automatic static mesh reduction
[2017.12.19-16.28.15:212][  0]LogMeshReduction: No automatic skeletal mesh reduction module available
[2017.12.19-16.28.15:212][  0]LogMeshReduction: No automatic mesh merging module available
[2017.12.19-16.28.15:212][  0]LogMeshMerging: No automatic mesh merging module available
[2017.12.19-16.28.15:316][  0]LogNetVersion: HelloWorld , NetCL: 3709383, EngineNetVer: 2, GameNetVer: 0 (Checksum: 5827342)
[2017.12.19-16.28.15:494][  0]LogAssetRegistry: FAssetRegistry took 0.0281 seconds to start up
[2017.12.19-16.28.16:037][  0]LogPackageLocalizationCache: Processed 9 localized package path(s) for 2 prioritized culture(s) in 0.081160 seconds
[2017.12.19-16.28.16:043][  0]LogUObjectArray: 35900 objects as part of root set at end of initial load.
[2017.12.19-16.28.16:043][  0]LogUObjectAllocator: 7372016 out of 0 bytes used by permanent object pool.
[2017.12.19-16.28.16:043][  0]LogUObjectArray: CloseDisregardForGC: 0/0 objects in disregard for GC pool
[2017.12.19-16.28.16:104][  0]LogInit: WinSock: version 1.1 (2.2), MaxSocks=32767, MaxUdp=65467
[2017.12.19-16.28.19:125][  0]LogTcpMessaging: Initializing TcpMessaging bridge
[2017.12.19-16.28.19:173][  0]LogUdpMessaging: Initializing bridge on interface 0.0.0.0:0 to multicast group 230.0.0.1:6666.
[2017.12.19-16.28.19:176][  0]FUdpSocketBuilder: Failed to subscribe UdpMessageMulticastSocket to multicast group 230.0.0.1
[2017.12.19-16.28.19:176][  0]FUdpSocketBuilder: Failed to create and initialize socket UdpMessageMulticastSocket (last error: 0)
[2017.12.19-16.28.19:176][  0]LogUdpMessaging: Warning: StartTransport failed to create multicast socket on 0.0.0.0:0, joined to 230.0.0.1:6666 with TTL 1
[2017.12.19-16.28.20:061][  0]LogMaterial: Uniform references updated for custom material expression Custom.
[2017.12.19-16.28.20:562][  0]SourceControl: Source control is disabled
[2017.12.19-16.28.20:563][  0]SourceControl: Source control is disabled
[2017.12.19-16.28.20:626][  0]SourceControl: Source control is disabled
[2017.12.19-16.28.20:694][  0]SourceControl: Source control is disabled
[2017.12.19-16.28.21:680][  0]LogAndroidPermission: UAndroidPermissionCallbackProxy::GetInstance
[2017.12.19-16.28.22:010][  0]LogOcInput: OculusInput pre-init called
[2017.12.19-16.28.22:281][  0]LogTemp: Warning: Root - Rotation = [P=0.000000 Y=0.000000 R=0.000000]
[2017.12.19-16.28.22:289][  0]LogTemp: Warning: Root - Rotation = [P=0.000000 Y=0.000000 R=0.000000]
[2017.12.19-16.28.23:386][  0]LogEngine: Initializing Engine...
[2017.12.19-16.28.23:390][  0]LogHMD: Failed to initialize OpenVR with code 110
[2017.12.19-16.28.23:616][  0]LogStats: UGameplayTagsManager::ConstructGameplayTagTree: Construct from data asset -  0.000 s
[2017.12.19-16.28.23:616][  0]LogStats: UGameplayTagsManager::ConstructGameplayTagTree: GameplayTagTreeChangedEvent.Broadcast -  0.000 s
[2017.12.19-16.28.23:783][  0]LogAIModule: Creating AISystem for world Untitled
[2017.12.19-16.28.23:798][  0]LogInit: XAudio2 using 'Speakers (Conexant SmartAudio HD)' : 2 channels at 48 kHz using 32 bits per sample (channel mask 0x3)
[2017.12.19-16.28.23:830][  0]LogInit: FAudioDevice initialized.
[2017.12.19-16.28.24:104][  0]LogDerivedDataCache: Saved boot cache 0.27s 78MB C:/Users/guan/AppData/Local/UnrealEngine/4.18/DerivedDataCache/Boot.ddc.
[2017.12.19-16.28.24:116][  0]LogInit: Texture streaming: Enabled
[2017.12.19-16.28.24:251][  0]LogEngineSessionManager: EngineSessionManager initialized
[2017.12.19-16.28.24:251][  0]LogEngineSessionManager: EngineSessionManager sent abnormal shutdown report. Type=Debugger, SessionId={C5365D7A-4586-D809-FF30-F38A7846E2BD}
[2017.12.19-16.28.24:405][  0]LogInit: Transaction tracking system initialized
[2017.12.19-16.28.24:793][  0]BlueprintLog: New page: Editor Load
[2017.12.19-16.28.25:911][  0]LocalizationService: Localization service is disabled
[2017.12.19-16.28.26:844][  0]LogConsoleResponse: Display: 
[2017.12.19-16.28.27:030][  0]LogFileCache: Scanning file cache for directory 'D:/unreal engine/Unreal Projects/HelloWorld/Content/' took 0.01s
[2017.12.19-16.28.27:030][  0]LogCook: Display: Max memory allowance for cook 16384mb min free memory 0mb
[2017.12.19-16.28.27:031][  0]LogCook: Display: Mobile HDR setting 1
[2017.12.19-16.28.27:031][  0]LogGameplayTags: Display: UGameplayTagsManager::DoneAddingNativeTags. DelegateIsBound: 0
[2017.12.19-16.28.28:483][  0]SourceControl: Source control is disabled
[2017.12.19-16.28.28:483][  0]Cmd: MAP LOAD FILE="../../../Engine/Content/Maps/Templates/Template_Default.umap" TEMPLATE=1 SHOWPROGRESS=1 FEATURELEVEL=3
[2017.12.19-16.28.28:483][  0]LightingResults: New page: Lighting Build
[2017.12.19-16.28.28:533][  0]MapCheck: New page: Map Check
[2017.12.19-16.28.28:533][  0]LightingResults: New page: Lighting Build
[2017.12.19-16.28.28:767][  0]LogAIModule: Creating AISystem for world Untitled_1
[2017.12.19-16.28.28:772][  0]LogEditorServer: Finished looking for orphan Actors (0.000 secs)
[2017.12.19-16.28.28:786][  0]Cmd: MAP CHECKDEP NOCLEARLOG
[2017.12.19-16.28.28:831][  0]MapCheck: Map check complete: 0 Error(s), 0 Warning(s), took 45.462ms to complete.
[2017.12.19-16.28.28:832][  0]LogFileHelpers: Loading map 'Template_Default' took 0.349
[2017.12.19-16.28.28:895][  0]LogWindowsTextInputMethodSystem: Display: IME system now deactivated.
[2017.12.19-16.28.28:993][  0]LogCollectionManager: Loaded 0 collections in 0.002053 seconds
[2017.12.19-16.28.29:086][  0]LogFileCache: Scanning file cache for directory 'D:/unreal engine/Unreal Projects/HelloWorld/Saved/Collections/' took 0.01s
[2017.12.19-16.28.29:086][  0]LogFileCache: Scanning file cache for directory 'D:/unreal engine/Unreal Projects/HelloWorld/Content/Developers/guan/Collections/' took 0.01s
[2017.12.19-16.28.29:086][  0]LogFileCache: Scanning file cache for directory 'D:/unreal engine/Unreal Projects/HelloWorld/Content/Collections/' took 0.01s
[2017.12.19-16.28.29:086][  0]LogCollectionManager: Rebuilt the GUID cache for 0 collections in 0.000000 seconds
[2017.12.19-16.28.29:095][  0]LogContentBrowser: Native class hierarchy populated in 0.0084 seconds. Added 2372 classes and 524 folders.
[2017.12.19-16.28.29:186][  0]LogContentBrowser: Native class hierarchy updated for 'WidgetCarousel' in 0.0005 seconds. Added 0 classes and 0 folders.
[2017.12.19-16.28.29:226][  0]LogContentBrowser: Native class hierarchy updated for 'AddContentDialog' in 0.0005 seconds. Added 0 classes and 0 folders.
[2017.12.19-16.28.29:286][  0]LogContentBrowser: Native class hierarchy updated for 'SceneOutliner' in 0.0005 seconds. Added 1 classes and 2 folders.
[2017.12.19-16.28.29:389][  0]LogSlate: Took 0.000210 seconds to synchronously load lazily loaded font '../../../Engine/Content/Slate/Fonts/Roboto-Regular.ttf' (155K)
[2017.12.19-16.28.29:392][  0]LogSlate: Took 0.000375 seconds to synchronously load lazily loaded font '../../../Engine/Content/Slate/Fonts/Roboto-Bold.ttf' (160K)
[2017.12.19-16.28.29:397][  0]LogSlate: Took 0.000173 seconds to synchronously load lazily loaded font '../../../Engine/Content/Editor/Slate/Fonts/FontAwesome.ttf' (139K)
[2017.12.19-16.28.29:502][  0]LogRenderer: Reallocating scene render targets to support 968x436 Format 9 NumSamples 1 (Frame:1).
[2017.12.19-16.28.29:576][  0]LogSlate: Took 0.000240 seconds to synchronously load lazily loaded font '../../../Engine/Content/Slate/Fonts/Roboto-Light.ttf' (159K)
[2017.12.19-16.28.29:751][  0]LogContentBrowser: Native class hierarchy updated for 'HierarchicalLODOutliner' in 0.0005 seconds. Added 1 classes and 2 folders.
[2017.12.19-16.28.29:752][  0]LogLoad: (Engine Initialization) Total time: 22.47 seconds
[2017.12.19-16.28.29:752][  0]LogLoad: (Engine Initialization) Total Blueprint compile time: 0.00 seconds
[2017.12.19-16.28.29:752][  0]LogExternalProfiler: No external profilers were discovered.  External profiling features will not be available.
[2017.12.19-16.28.29:779][  0]LogAssetRegistry: Asset discovery search completed in 14.3087 seconds
[2017.12.19-16.28.29:781][  0]LogCollectionManager: Rebuilt the object cache for 0 collections in 0.000000 seconds (found 0 objects)
[2017.12.19-16.28.29:781][  0]LogCollectionManager: Fixed up redirectors for 0 collections in 0.000148 seconds (updated 0 objects)
[2017.12.19-16.28.29:785][  0]LogContentStreaming: Texture pool size now 800 MB
[2017.12.19-16.28.33:519][420]LogEditor: Attempting to add actor of class 'RosStringSubScriber' to level at -490.00,-280.00,20.00
[2017.12.19-16.28.34:172][496]LogEditor: Attempting to add actor of class 'RosStringSubScriber' to level at -210.00,-210.00,20.00
[2017.12.19-16.28.40:035][176]LogTemp: Repeating last play command: Selected Viewport
[2017.12.19-16.28.40:051][176]LogPlayLevel: PlayLevel: No blueprints needed recompiling
[2017.12.19-16.28.40:051][176]PIE: New page: PIE session: Untitled_1 (Dec 19, 2017, 6:28:40 PM)
[2017.12.19-16.28.40:051][176]LogPlayLevel: Creating play world package: /Temp/UEDPIE_0_Untitled_1
[2017.12.19-16.28.40:057][176]LogPlayLevel: PIE: StaticDuplicateObject took: (0.005442s)
[2017.12.19-16.28.40:058][176]LogAIModule: Creating AISystem for world Untitled_1
[2017.12.19-16.28.40:058][176]LogPlayLevel: PIE: World Init took: (0.001287s)
[2017.12.19-16.28.40:059][176]LogPlayLevel: PIE: Created PIE world by copying editor world from /Temp/Untitled_1.Untitled_1 to /Temp/UEDPIE_0_Untitled_1.Untitled_1 (0.007354s)
[2017.12.19-16.28.40:070][176]LogInit: XAudio2 using 'Speakers (Conexant SmartAudio HD)' : 2 channels at 48 kHz using 32 bits per sample (channel mask 0x3)
[2017.12.19-16.28.40:087][176]LogInit: FAudioDevice initialized.
[2017.12.19-16.28.40:135][176]LogLoad: Game class is 'GameModeBase'
[2017.12.19-16.28.40:137][176]LogWorld: Bringing World /Temp/UEDPIE_0_Untitled_1.Untitled_1 up for play (max tick rate 0) at 2017.12.19-17.28.40
[2017.12.19-16.28.40:137][176]LogWorld: Bringing up level for play took: 0.000873
[2017.12.19-16.28.40:187][176]LogContentBrowser: Native class hierarchy updated for 'MovieSceneCapture' in 0.0005 seconds. Added 11 classes and 0 folders.
[2017.12.19-16.28.40:237][176]LogROS: [FROSBridgeHandler] Websocket server connected.
[2017.12.19-16.28.40:237][176]LogROS: [FROSBridgeHandler::Connect] Subscribe all topics. 
[2017.12.19-16.28.40:237][176]LogROS: Warning: [FROSBridgeHandler::Connect] Subscribing Topic Ros_String
[2017.12.19-16.28.40:237][176]LogROS: [FROSBridgeHandler::Connect] Advertise all topics. 
[2017.12.19-16.28.40:237][176]PIE: Play in editor start time for /Temp/UEDPIE_0_Untitled_1 0.061
[2017.12.19-16.28.40:331][183]LogROS: [FROSBridgeHandler::OnMessage] Received message at Topic [Ros_String]. 
[2017.12.19-16.28.42:611][455]LogROS: [FROSBridgeHandler::Disconnect] Unsubscribe all topics. 
[2017.12.19-16.28.42:611][455]LogROS: [FROSBridgeHandler::Disconnect] Unsubscribing Topic Ros_String
[2017.12.19-16.28.42:611][455]LogROS: [FROSBridgeHandler::Disconnect] Unadvertise all topics. 
[2017.12.19-16.28.42:611][455]LogROS: [FROSBridgeHandler::Disconnect] Unadvertise all services. 
[2017.12.19-16.28.50:511][282]LogSlate: Took 0.000156 seconds to synchronously load lazily loaded font '../../../Engine/Content/Editor/Slate/Fonts/DroidSansMono.ttf' (77K)
[2017.12.19-16.28.57:471][108]LogTemp: Repeating last play command: Selected Viewport
[2017.12.19-16.28.57:481][108]LogPlayLevel: PlayLevel: No blueprints needed recompiling
[2017.12.19-16.28.57:481][108]PIE: New page: PIE session: Untitled_1 (Dec 19, 2017, 6:28:57 PM)
[2017.12.19-16.28.57:481][108]LogPlayLevel: Creating play world package: /Temp/UEDPIE_0_Untitled_1
[2017.12.19-16.28.57:487][108]LogPlayLevel: PIE: StaticDuplicateObject took: (0.005489s)
[2017.12.19-16.28.57:488][108]LogAIModule: Creating AISystem for world Untitled_1
[2017.12.19-16.28.57:488][108]LogPlayLevel: PIE: World Init took: (0.001108s)
[2017.12.19-16.28.57:489][108]LogPlayLevel: PIE: Created PIE world by copying editor world from /Temp/Untitled_1.Untitled_1 to /Temp/UEDPIE_0_Untitled_1.Untitled_1 (0.007382s)
[2017.12.19-16.28.57:500][108]LogInit: XAudio2 using 'Speakers (Conexant SmartAudio HD)' : 2 channels at 48 kHz using 32 bits per sample (channel mask 0x3)
[2017.12.19-16.28.57:517][108]LogInit: FAudioDevice initialized.
[2017.12.19-16.28.57:551][108]LogLoad: Game class is 'GameModeBase'
[2017.12.19-16.28.57:552][108]LogWorld: Bringing World /Temp/UEDPIE_0_Untitled_1.Untitled_1 up for play (max tick rate 0) at 2017.12.19-17.28.57
[2017.12.19-16.28.57:553][108]LogWorld: Bringing up level for play took: 0.000968
[2017.12.19-16.28.57:591][108]LogROS: [FROSBridgeHandler] Websocket server connected.
[2017.12.19-16.28.57:591][108]LogROS: [FROSBridgeHandler::Connect] Subscribe all topics. 
[2017.12.19-16.28.57:592][108]LogROS: Warning: [FROSBridgeHandler::Connect] Subscribing Topic Ros_String
[2017.12.19-16.28.57:592][108]LogROS: [FROSBridgeHandler::Connect] Advertise all topics. 
[2017.12.19-16.28.57:592][108]PIE: Play in editor start time for /Temp/UEDPIE_0_Untitled_1 -0.584
[2017.12.19-16.28.57:628][109]LogROS: [FROSBridgeHandler::OnMessage] Received message at Topic [Ros_String]. 
[2017.12.19-16.28.57:634][110]LogStats: Warning: MetaData mismatch. Did you assign a stat to two groups? New //STATGROUP_Threads//ROSBridgeHandlerRunnable///Thread_4680_0///####STATCAT_Advanced#### old //STATGROUP_Threads//ROSBridgeHandlerRunnable///Thread_2c54_0///####STATCAT_Advanced####
[2017.12.19-16.29.30:336][674]Cmd: SELECT NONE
[2017.12.19-16.29.57:521][224]LogROS: [FROSBridgeHandler::Disconnect] Unsubscribe all topics. 
[2017.12.19-16.29.57:522][224]LogROS: [FROSBridgeHandler::Disconnect] Unsubscribing Topic Ros_String
[2017.12.19-16.29.57:522][224]LogROS: [FROSBridgeHandler::Disconnect] Unadvertise all topics. 
[2017.12.19-16.29.57:522][224]LogROS: [FROSBridgeHandler::Disconnect] Unadvertise all services. 
[2017.12.19-16.29.58:017][225]Cmd: QUIT_EDITOR
[2017.12.19-16.29.59:075][225]LogWindowsTextInputMethodSystem: Display: IME system now deactivated.
[2017.12.19-16.29.59:159][225]LogExit: Preparing to exit.
[2017.12.19-16.30.00:162][225]LogExit: Editor shut down
[2017.12.19-16.30.00:166][225]LogExit: Transaction tracking system shut down
[2017.12.19-16.30.00:662][225]LogDirectoryWatcher: A directory notification for '../../../Engine/Content/' was aborted.
[2017.12.19-16.30.00:662][225]LogDirectoryWatcher: A directory notification for 'D:/unreal engine/Unreal Projects/HelloWorld/Content/' was aborted.
[2017.12.19-16.30.00:662][225]LogDirectoryWatcher: A directory notification for '../../../Engine/Plugins/2D/Paper2D/Content/' was aborted.
[2017.12.19-16.30.00:662][225]LogDirectoryWatcher: A directory notification for '../../../Engine/Plugins/Media/MediaCompositing/Content/' was aborted.
[2017.12.19-16.30.00:662][225]LogDirectoryWatcher: A directory notification for '../../../Engine/Plugins/Runtime/AppleARKit/Content/' was aborted.
[2017.12.19-16.30.00:662][225]LogDirectoryWatcher: A directory notification for '../../../Engine/Plugins/Runtime/Oculus/OculusVR/Content/' was aborted.
[2017.12.19-16.30.00:662][225]LogDirectoryWatcher: A directory notification for '../../../Engine/Plugins/Runtime/Steam/SteamVR/Content/' was aborted.
[2017.12.19-16.30.00:663][225]LogDirectoryWatcher: A directory notification for 'D:/unreal engine/Unreal Projects/HelloWorld/Plugins/URoboSim/Content/' was aborted.
[2017.12.19-16.30.01:850][225]LogExit: Object subsystem successfully closed.
[2017.12.19-16.30.02:094][225]LogD3D11RHI: Shutdown
[2017.12.19-16.30.02:108][225]LogD3D11RHI: CleanupD3DDevice
[2017.12.19-16.30.02:132][225]LogD3D11RHI: ~FD3D11DynamicRHI
[2017.12.19-16.30.03:105][225]LogModuleManager: Shutting down and abandoning module MovieSceneCapture (560)
[2017.12.19-16.30.03:105][225]LogModuleManager: Shutting down and abandoning module HierarchicalLODOutliner (558)
[2017.12.19-16.30.03:105][225]LogModuleManager: Shutting down and abandoning module DesktopPlatform (556)
[2017.12.19-16.30.03:114][225]LogModuleManager: Shutting down and abandoning module SceneOutliner (554)
[2017.12.19-16.30.03:114][225]LogModuleManager: Shutting down and abandoning module AddContentDialog (552)
[2017.12.19-16.30.03:125][225]LogDirectoryWatcher: A directory notification for 'C:/Program Files/Epic Games/UE_4.18/FeaturePacks/' was aborted.
[2017.12.19-16.30.03:139][225]LogModuleManager: Shutting down and abandoning module WidgetCarousel (551)
[2017.12.19-16.30.03:139][225]LogModuleManager: Shutting down and abandoning module EditorWidgets (548)
[2017.12.19-16.30.03:139][225]LogModuleManager: Shutting down and abandoning module CollectionManager (546)
[2017.12.19-16.30.03:159][225]LogDirectoryWatcher: A directory notification for 'D:/unreal engine/Unreal Projects/HelloWorld/Content/Collections/' was aborted.
[2017.12.19-16.30.03:159][225]LogDirectoryWatcher: A directory notification for 'D:/unreal engine/Unreal Projects/HelloWorld/Content/Developers/guan/Collections/' was aborted.
[2017.12.19-16.30.03:159][225]LogDirectoryWatcher: A directory notification for 'D:/unreal engine/Unreal Projects/HelloWorld/Saved/Collections/' was aborted.
[2017.12.19-16.30.03:159][225]LogModuleManager: Shutting down and abandoning module HierarchicalLODUtilities (544)
[2017.12.19-16.30.03:173][225]LogModuleManager: Shutting down and abandoning module StatsViewer (542)
[2017.12.19-16.30.03:182][225]LogModuleManager: Shutting down and abandoning module FoliageEdit (540)
[2017.12.19-16.30.03:191][225]LogModuleManager: Shutting down and abandoning module LandscapeEditor (538)
[2017.12.19-16.30.03:217][225]LogModuleManager: Shutting down and abandoning module MeshPaintMode (536)
[2017.12.19-16.30.03:227][225]LogModuleManager: Shutting down and abandoning module SceneDepthPickerMode (534)
[2017.12.19-16.30.03:227][225]LogModuleManager: Shutting down and abandoning module ActorPickerMode (532)
[2017.12.19-16.30.03:227][225]LogModuleManager: Shutting down and abandoning module GeometryMode (530)
[2017.12.19-16.30.03:227][225]LogModuleManager: Shutting down and abandoning module TextureAlignMode (528)
[2017.12.19-16.30.03:227][225]LogModuleManager: Shutting down and abandoning module BspMode (526)
[2017.12.19-16.30.03:227][225]LogModuleManager: Shutting down and abandoning module PIEPreviewDeviceProfileSelector (524)
[2017.12.19-16.30.03:228][225]LogModuleManager: Shutting down and abandoning module HardwareSurvey (522)
[2017.12.19-16.30.03:228][225]LogModuleManager: Shutting down and abandoning module SequenceRecorderSections (520)
[2017.12.19-16.30.03:242][225]LogModuleManager: Shutting down and abandoning module AutomationWorker (518)
[2017.12.19-16.30.03:253][225]LogModuleManager: Shutting down and abandoning module MatineeToLevelSequence (516)
[2017.12.19-16.30.03:263][225]LogModuleManager: Shutting down and abandoning module LevelSequenceEditor (514)
[2017.12.19-16.30.03:284][225]LogModuleManager: Shutting down and abandoning module PlacementMode (513)
[2017.12.19-16.30.03:284][225]LogModuleManager: Shutting down and abandoning module WmfMediaFactory (510)
[2017.12.19-16.30.03:284][225]LogModuleManager: Shutting down and abandoning module WmfMediaEditor (508)
[2017.12.19-16.30.03:284][225]LogModuleManager: Shutting down and abandoning module OpenExrWrapper (506)
[2017.12.19-16.30.03:285][225]LogModuleManager: Shutting down and abandoning module ImgMediaFactory (504)
[2017.12.19-16.30.03:285][225]LogModuleManager: Shutting down and abandoning module ImgMediaEditor (502)
[2017.12.19-16.30.03:285][225]LogModuleManager: Shutting down and abandoning module AvfMediaFactory (500)
[2017.12.19-16.30.03:285][225]LogModuleManager: Shutting down and abandoning module AvfMediaEditor (498)
[2017.12.19-16.30.03:285][225]LogModuleManager: Shutting down and abandoning module AndroidMediaFactory (496)
[2017.12.19-16.30.03:285][225]LogModuleManager: Shutting down and abandoning module AndroidMediaEditor (494)
[2017.12.19-16.30.03:285][225]LogModuleManager: Shutting down and abandoning module CharacterAI (492)
[2017.12.19-16.30.03:285][225]LogModuleManager: Shutting down and abandoning module AudioCapture (490)
[2017.12.19-16.30.03:298][225]LogModuleManager: Shutting down and abandoning module SequenceRecorder (489)
[2017.12.19-16.30.03:299][225]LogModuleManager: Shutting down and abandoning module SmartSnapping (486)
[2017.12.19-16.30.03:299][225]LogModuleManager: Shutting down and abandoning module SessionServices (484)
[2017.12.19-16.30.03:299][225]LogModuleManager: Shutting down and abandoning module ViewportSnapping (482)
[2017.12.19-16.30.03:299][225]LogModuleManager: Shutting down and abandoning module ViewportInteraction (480)
[2017.12.19-16.30.03:299][225]LogModuleManager: Shutting down and abandoning module ClothPainter (478)
[2017.12.19-16.30.03:324][225]LogModuleManager: Shutting down and abandoning module SkeletalMeshEditor (477)
[2017.12.19-16.30.03:340][225]LogModuleManager: Shutting down and abandoning module LogVisualizer (474)
[2017.12.19-16.30.03:352][225]LogModuleManager: Shutting down and abandoning module IntroTutorials (472)
[2017.12.19-16.30.03:388][225]LogModuleManager: Shutting down and abandoning module GameProjectGeneration (471)
[2017.12.19-16.30.03:415][225]LogModuleManager: Shutting down and abandoning module IOSPlatformEditor (468)
[2017.12.19-16.30.03:415][225]LogModuleManager: Shutting down and abandoning module HTML5PlatformEditor (466)
[2017.12.19-16.30.03:415][225]LogModuleManager: Shutting down and abandoning module AndroidPlatformEditor (464)
[2017.12.19-16.30.03:415][225]LogModuleManager: Shutting down and abandoning module AndroidDeviceDetection (463)
[2017.12.19-16.30.03:596][225]LogModuleManager: Shutting down and abandoning module WindowsPlatformEditor (460)
[2017.12.19-16.30.03:596][225]LogModuleManager: Shutting down and abandoning module IOSRuntimeSettings (458)
[2017.12.19-16.30.03:596][225]LogModuleManager: Shutting down and abandoning module AndroidRuntimeSettings (456)
[2017.12.19-16.30.03:596][225]LogModuleManager: Shutting down and abandoning module InputBindingEditor (454)
[2017.12.19-16.30.03:616][225]LogModuleManager: Shutting down and abandoning module MergeActors (452)
[2017.12.19-16.30.03:626][225]LogModuleManager: Shutting down and abandoning module SizeMap (450)
[2017.12.19-16.30.03:626][225]LogModuleManager: Shutting down and abandoning module TreeMap (448)
[2017.12.19-16.30.03:638][225]LogModuleManager: Shutting down and abandoning module ReferenceViewer (446)
[2017.12.19-16.30.03:638][225]LogModuleManager: Shutting down and abandoning module LocalizationDashboard (444)
[2017.12.19-16.30.03:649][225]LogModuleManager: Shutting down and abandoning module LocalizationService (443)
[2017.12.19-16.30.03:666][225]LogModuleManager: Shutting down and abandoning module HardwareTargeting (440)
[2017.12.19-16.30.03:666][225]LogModuleManager: Shutting down and abandoning module DeviceProfileEditor (438)
[2017.12.19-16.30.03:666][225]LogModuleManager: Shutting down and abandoning module UndoHistory (436)
[2017.12.19-16.30.03:666][225]LogModuleManager: Shutting down and abandoning module XmlParser (434)
[2017.12.19-16.30.03:674][225]LogModuleManager: Shutting down and abandoning module Blutility (432)
[2017.12.19-16.30.03:674][225]LogModuleManager: Shutting down and abandoning module ProjectSettingsViewer (430)
[2017.12.19-16.30.03:674][225]LogModuleManager: Shutting down and abandoning module ProjectTargetPlatformEditor (429)
[2017.12.19-16.30.03:674][225]LogModuleManager: Shutting down and abandoning module EditorSettingsViewer (426)
[2017.12.19-16.30.03:674][225]LogModuleManager: Shutting down and abandoning module SettingsEditor (424)
[2017.12.19-16.30.03:683][225]LogModuleManager: Shutting down and abandoning module ProjectLauncher (422)
[2017.12.19-16.30.03:707][225]LogModuleManager: Shutting down and abandoning module SessionFrontend (420)
[2017.12.19-16.30.03:721][225]LogModuleManager: Shutting down and abandoning module ProfilerClient (418)
[2017.12.19-16.30.03:731][225]LogModuleManager: Shutting down and abandoning module DeviceManager (416)
[2017.12.19-16.30.03:745][225]LogModuleManager: Shutting down and abandoning module TargetDeviceServices (415)
[2017.12.19-16.30.03:798][225]LogModuleManager: Shutting down and abandoning module AutomationController (412)
[2017.12.19-16.30.03:814][225]LogModuleManager: Shutting down and abandoning module AutomationWindow (410)
[2017.12.19-16.30.03:841][225]LogModuleManager: Shutting down and abandoning module Layers (408)
[2017.12.19-16.30.03:871][225]LogModuleManager: Shutting down and abandoning module ComponentVisualizers (406)
[2017.12.19-16.30.03:871][225]LogModuleManager: Shutting down and abandoning module DetailCustomizations (404)
[2017.12.19-16.30.03:891][225]LogModuleManager: Shutting down and abandoning module PackagesDialog (402)
[2017.12.19-16.30.03:892][225]LogModuleManager: Shutting down and abandoning module Persona (400)
[2017.12.19-16.30.03:934][225]LogModuleManager: Shutting down and abandoning module AdvancedPreviewScene (399)
[2017.12.19-16.30.03:934][225]LogModuleManager: Shutting down and abandoning module AnimGraph (397)
[2017.12.19-16.30.03:934][225]LogModuleManager: Shutting down and abandoning module Kismet (394)
[2017.12.19-16.30.03:954][225]LogModuleManager: Shutting down and abandoning module ClassViewer (392)
[2017.12.19-16.30.03:954][225]LogModuleManager: Shutting down and abandoning module Toolbox (390)
[2017.12.19-16.30.03:954][225]LogModuleManager: Shutting down and abandoning module ModuleUI (388)
[2017.12.19-16.30.03:966][225]LogModuleManager: Shutting down and abandoning module MovieSceneTools (386)
[2017.12.19-16.30.03:989][225]LogModuleManager: Shutting down and abandoning module OutputLog (384)
[2017.12.19-16.30.03:990][225]LogModuleManager: Shutting down and abandoning module GammaUI (382)
[2017.12.19-16.30.04:002][225]LogModuleManager: Shutting down and abandoning module Documentation (380)
[2017.12.19-16.30.04:003][225]LogModuleManager: Shutting down and abandoning module MovieSceneTracks (378)
[2017.12.19-16.30.04:003][225]LogModuleManager: Shutting down and abandoning module MovieScene (376)
[2017.12.19-16.30.04:003][225]LogModuleManager: Shutting down and abandoning module StreamingPauseRendering (374)
[2017.12.19-16.30.04:003][225]LogModuleManager: Shutting down and abandoning module LauncherPlatform (372)
[2017.12.19-16.30.04:003][225]LogModuleManager: Shutting down and abandoning module AnalyticsET (370)
[2017.12.19-16.30.04:003][225]LogModuleManager: Shutting down and abandoning module PortalServices (368)
[2017.12.19-16.30.04:003][225]LogModuleManager: Shutting down and abandoning module PortalRpc (366)
[2017.12.19-16.30.04:003][225]LogModuleManager: Shutting down and abandoning module MessagingRpc (364)
[2017.12.19-16.30.04:003][225]LogModuleManager: Shutting down and abandoning module AIModule (362)
[2017.12.19-16.30.04:003][225]LogModuleManager: Shutting down and abandoning module GameplayDebugger (361)
[2017.12.19-16.30.04:003][225]LogModuleManager: Shutting down and abandoning module AITestSuite (359)
[2017.12.19-16.30.04:017][225]LogModuleManager: Shutting down and abandoning module ProfilerService (356)
[2017.12.19-16.30.04:227][225]LogModuleManager: Shutting down and abandoning module TaskGraph (354)
[2017.12.19-16.30.04:262][225]LogModuleManager: Shutting down and abandoning module UROSBridge (352)
[2017.12.19-16.30.04:262][225]LogModuleManager: Shutting down and abandoning module URoboSimEd (350)
[2017.12.19-16.30.04:262][225]LogModuleManager: Shutting down and abandoning module URoboSim (348)
[2017.12.19-16.30.04:263][225]LogModuleManager: Shutting down and abandoning module SteamVRController (346)
[2017.12.19-16.30.04:263][225]LogModuleManager: Shutting down and abandoning module ProceduralMeshComponentEditor (344)
[2017.12.19-16.30.04:263][225]LogModuleManager: Shutting down and abandoning module ProceduralMeshComponent (342)
[2017.12.19-16.30.04:263][225]LogModuleManager: Shutting down and abandoning module OculusInput (340)
[2017.12.19-16.30.04:274][225]LogModuleManager: Shutting down and abandoning module MobilePatchingUtils (338)
[2017.12.19-16.30.04:274][225]LogModuleManager: Shutting down and abandoning module CustomMeshComponent (336)
[2017.12.19-16.30.04:274][225]LogModuleManager: Shutting down and abandoning module CableComponent (334)
[2017.12.19-16.30.04:285][225]LogModuleManager: Shutting down and abandoning module ArchVisCharacter (332)
[2017.12.19-16.30.04:286][225]LogModuleManager: Shutting down and abandoning module AndroidPermission (330)
[2017.12.19-16.30.04:286][225]LogModuleManager: Shutting down and abandoning module ActorSequence (326)
[2017.12.19-16.30.04:286][225]LogModuleManager: Shutting down and abandoning module MediaPlayerEditor (324)
[2017.12.19-16.30.04:310][225]LogModuleManager: Shutting down and abandoning module MediaCompositingEditor (322)
[2017.12.19-16.30.04:310][225]LogModuleManager: Shutting down and abandoning module MediaCompositing (320)
[2017.12.19-16.30.04:310][225]LogModuleManager: Shutting down and abandoning module HTML5Networking (318)
[2017.12.19-16.30.04:310][225]LogModuleManager: Shutting down and abandoning module AlembicImporter (316)
[2017.12.19-16.30.04:317][225]LogModuleManager: Shutting down and abandoning module AlembicLibrary (315)
[2017.12.19-16.30.04:317][225]LogModuleManager: Shutting down and abandoning module GeometryCache (314)
[2017.12.19-16.30.04:326][225]LogModuleManager: Shutting down and abandoning module GeometryCacheEd (313)
[2017.12.19-16.30.04:326][225]LogModuleManager: Shutting down and abandoning module SpeedTreeImporter (308)
[2017.12.19-16.30.04:326][225]LogModuleManager: Shutting down and abandoning module PluginBrowser (306)
[2017.12.19-16.30.04:362][225]LogModuleManager: Shutting down and abandoning module MobileLauncherProfileWizard (304)
[2017.12.19-16.30.04:388][225]LogModuleManager: Shutting down and abandoning module VisualStudioSourceCodeAccess (302)
[2017.12.19-16.30.04:388][225]LogModuleManager: Shutting down and abandoning module VisualStudioCodeSourceCodeAccess (300)
[2017.12.19-16.30.04:388][225]LogModuleManager: Shutting down and abandoning module UObjectPlugin (298)
[2017.12.19-16.30.04:388][225]LogModuleManager: Shutting down and abandoning module SubversionSourceControl (296)
[2017.12.19-16.30.04:400][225]LogModuleManager: Shutting down and abandoning module PerforceSourceControl (294)
[2017.12.19-16.30.04:426][225]LogModuleManager: Shutting down and abandoning module GitSourceControl (292)
[2017.12.19-16.30.04:439][225]LogModuleManager: Shutting down and abandoning module SourceControl (291)
[2017.12.19-16.30.04:449][225]LogModuleManager: Shutting down and abandoning module LightPropagationVolumeEditor (288)
[2017.12.19-16.30.04:449][225]LogModuleManager: Shutting down and abandoning module PaperTiledImporter (286)
[2017.12.19-16.30.04:449][225]LogModuleManager: Shutting down and abandoning module PaperSpriteSheetImporter (284)
[2017.12.19-16.30.04:449][225]LogModuleManager: Shutting down and abandoning module Paper2DEditor (282)
[2017.12.19-16.30.04:469][225]LogModuleManager: Shutting down and abandoning module MeshPaint (281)
[2017.12.19-16.30.04:478][225]LogModuleManager: Shutting down and abandoning module LevelEditor (279)
[2017.12.19-16.30.04:492][225]LogModuleManager: Shutting down and abandoning module PixelInspectorModule (278)
[2017.12.19-16.30.04:508][225]LogModuleManager: Shutting down and abandoning module MainFrame (276)
[2017.12.19-16.30.04:518][225]LogModuleManager: Shutting down and abandoning module HotReload (275)
[2017.12.19-16.30.04:533][225]LogDirectoryWatcher: A directory notification for 'D:/unreal engine/Unreal Projects/HelloWorld/Binaries/Win64' was aborted.
[2017.12.19-16.30.04:534][225]LogDirectoryWatcher: A directory notification for 'D:/unreal engine/Unreal Projects/HelloWorld/Plugins/URoboSim/Binaries/Win64' was aborted.
[2017.12.19-16.30.04:534][225]LogDirectoryWatcher: A directory notification for 'D:/unreal engine/Unreal Projects/HelloWorld/Plugins/UROSBridge/Binaries/Win64' was aborted.
[2017.12.19-16.30.04:541][225]LogModuleManager: Shutting down and abandoning module HelloWorld (270)
[2017.12.19-16.30.04:542][225]LogModuleManager: Shutting down and abandoning module RuntimePhysXCooking (268)
[2017.12.19-16.30.04:542][225]LogModuleManager: Shutting down and abandoning module PhysXVehiclesEditor (266)
[2017.12.19-16.30.04:542][225]LogModuleManager: Shutting down and abandoning module PhysXVehicles (264)
[2017.12.19-16.30.04:542][225]LogModuleManager: Shutting down and abandoning module OculusEditor (262)
[2017.12.19-16.30.04:542][225]LogModuleManager: Shutting down and abandoning module LocationServicesBPLibrary (260)
[2017.12.19-16.30.04:542][225]LogModuleManager: Shutting down and abandoning module ImmediatePhysicsEditor (258)
[2017.12.19-16.30.04:542][225]LogModuleManager: Shutting down and abandoning module ImmediatePhysics (256)
[2017.12.19-16.30.04:556][225]LogModuleManager: Shutting down and abandoning module UdpMessaging (254)
[2017.12.19-16.30.04:690][225]LogModuleManager: Shutting down and abandoning module TcpMessaging (252)
[2017.12.19-16.30.04:802][225]LogModuleManager: Shutting down and abandoning module GameplayTagsEditor (250)
[2017.12.19-16.30.04:845][225]LogModuleManager: Shutting down and abandoning module FacialAnimationEditor (248)
[2017.12.19-16.30.04:845][225]LogModuleManager: Shutting down and abandoning module FacialAnimation (246)
[2017.12.19-16.30.04:845][225]LogModuleManager: Shutting down and abandoning module AssetManagerEditor (244)
[2017.12.19-16.30.04:856][225]LogModuleManager: Shutting down and abandoning module GraphEditor (243)
[2017.12.19-16.30.04:901][225]LogModuleManager: Shutting down and abandoning module ContentBrowser (241)
[2017.12.19-16.30.04:902][225]LogModuleManager: Shutting down and abandoning module LightPropagationVolumeRuntime (238)
[2017.12.19-16.30.04:902][225]LogModuleManager: Shutting down and abandoning module Paper2D (236)
[2017.12.19-16.30.04:903][225]LogModuleManager: Shutting down and abandoning module WindowsMoviePlayer (234)
[2017.12.19-16.30.04:908][225]LogModuleManager: Shutting down and abandoning module WmfMedia (232)
[2017.12.19-16.30.04:917][225]LogModuleManager: Shutting down and abandoning module ImgMedia (230)
[2017.12.19-16.30.04:917][225]LogModuleManager: Shutting down and abandoning module PacketHandler (228)
[2017.12.19-16.30.04:917][225]LogModuleManager: Shutting down and abandoning module ClothingSystemEditor (226)
[2017.12.19-16.30.04:917][225]LogModuleManager: Shutting down and abandoning module ClothingSystemRuntime (224)
[2017.12.19-16.30.04:926][225]LogModuleManager: Shutting down and abandoning module MediaAssets (222)
[2017.12.19-16.30.04:927][225]LogModuleManager: Shutting down and abandoning module Media (221)
[2017.12.19-16.30.04:934][225]LogModuleManager: Shutting down and abandoning module Overlay (218)
[2017.12.19-16.30.04:934][225]LogModuleManager: Shutting down and abandoning module OverlayEditor (217)
[2017.12.19-16.30.04:934][225]LogModuleManager: Shutting down and abandoning module VREditor (214)
[2017.12.19-16.30.04:960][225]LogModuleManager: Shutting down and abandoning module StringTableEditor (212)
[2017.12.19-16.30.04:974][225]LogModuleManager: Shutting down and abandoning module GameplayTasksEditor (210)
[2017.12.19-16.30.04:974][225]LogModuleManager: Shutting down and abandoning module BehaviorTreeEditor (208)
[2017.12.19-16.30.05:003][225]LogModuleManager: Shutting down and abandoning module FunctionalTesting (206)
[2017.12.19-16.30.05:019][225]LogModuleManager: Shutting down and abandoning module CollisionAnalyzer (204)
[2017.12.19-16.30.05:034][225]LogModuleManager: Shutting down and abandoning module WorkspaceMenuStructure (203)
[2017.12.19-16.30.05:034][225]LogModuleManager: Shutting down and abandoning module UMG (200)
[2017.12.19-16.30.05:040][225]LogModuleManager: Shutting down and abandoning module UMGEditor (199)
[2017.12.19-16.30.05:078][225]LogModuleManager: Shutting down and abandoning module Sequencer (198)
[2017.12.19-16.30.05:108][225]LogModuleManager: Shutting down and abandoning module MessageLog (195)
[2017.12.19-16.30.05:108][225]LogModuleManager: Shutting down and abandoning module SlateReflector (190)
[2017.12.19-16.30.05:157][225]LogModuleManager: Shutting down and abandoning module Slate (188)
[2017.12.19-16.30.05:158][225]LogModuleManager: Shutting down and abandoning module EditorStyle (186)
[2017.12.19-16.30.05:160][225]LogModuleManager: Shutting down and abandoning module MRMesh (184)
[2017.12.19-16.30.05:160][225]LogModuleManager: Shutting down and abandoning module SourceCodeAccess (182)
[2017.12.19-16.30.05:160][225]LogModuleManager: Shutting down and abandoning module HeadMountedDisplay (180)
[2017.12.19-16.30.05:160][225]LogModuleManager: Shutting down and abandoning module XAudio2 (178)
[2017.12.19-16.30.05:160][225]LogModuleManager: Shutting down and abandoning module Networking (176)
[2017.12.19-16.30.05:160][225]LogModuleManager: Shutting down and abandoning module Core (172)
[2017.12.19-16.30.05:160][225]LogModuleManager: Shutting down and abandoning module LevelSequence (168)
[2017.12.19-16.30.05:167][225]LogModuleManager: Shutting down and abandoning module DirectoryWatcher (166)
[2017.12.19-16.30.05:168][225]LogModuleManager: Shutting down and abandoning module KismetCompiler (164)
[2017.12.19-16.30.05:168][225]LogModuleManager: Shutting down and abandoning module MeshUtilities (162)
[2017.12.19-16.30.05:195][225]LogModuleManager: Shutting down and abandoning module MeshMergeUtilities (161)
[2017.12.19-16.30.05:211][225]LogModuleManager: Shutting down and abandoning module MeshReductionInterface (160)
[2017.12.19-16.30.05:211][225]LogModuleManager: Shutting down and abandoning module SimplygonSwarm (159)
[2017.12.19-16.30.05:221][225]LogModuleManager: Shutting down and abandoning module SimplygonMeshReduction (157)
[2017.12.19-16.30.05:221][225]LogModuleManager: Shutting down and abandoning module QuadricMeshReduction (155)
[2017.12.19-16.30.05:236][225]LogModuleManager: Shutting down and abandoning module MaterialBaking (151)
[2017.12.19-16.30.05:251][225]LogModuleManager: Shutting down and abandoning module DerivedDataCache (148)
[2017.12.19-16.30.05:567][225]LogDerivedDataCache: Shutdown
[2017.12.19-16.30.05:567][225]LogModuleManager: Shutting down and abandoning module TargetPlatform (146)
[2017.12.19-16.30.05:568][225]LogModuleManager: Shutting down and abandoning module VulkanShaderFormat (145)
[2017.12.19-16.30.05:573][225]LogModuleManager: Shutting down and abandoning module ShaderFormatVectorVM (143)
[2017.12.19-16.30.05:584][225]LogModuleManager: Shutting down and abandoning module ShaderFormatOpenGL (141)
[2017.12.19-16.30.05:595][225]LogModuleManager: Shutting down and abandoning module ShaderFormatD3D (139)
[2017.12.19-16.30.05:595][225]LogModuleManager: Shutting down and abandoning module MetalShaderFormat (137)
[2017.12.19-16.30.05:612][225]LogModuleManager: Shutting down and abandoning module TextureFormatUncompressed (135)
[2017.12.19-16.30.05:612][225]LogModuleManager: Shutting down and abandoning module TextureFormatPVR (133)
[2017.12.19-16.30.05:612][225]LogModuleManager: Shutting down and abandoning module TextureFormatDXT (131)
[2017.12.19-16.30.05:612][225]LogModuleManager: Shutting down and abandoning module TextureFormatIntelISPCTexComp (129)
[2017.12.19-16.30.05:614][225]LogModuleManager: Shutting down and abandoning module TextureFormatASTC (127)
[2017.12.19-16.30.05:614][225]LogModuleManager: Shutting down and abandoning module ImageWrapper (126)
[2017.12.19-16.30.05:614][225]LogModuleManager: Shutting down and abandoning module TextureFormatAndroid (123)
[2017.12.19-16.30.05:614][225]LogModuleManager: Shutting down and abandoning module AudioFormatOpus (121)
[2017.12.19-16.30.05:614][225]LogModuleManager: Shutting down and abandoning module AudioFormatOgg (119)
[2017.12.19-16.30.05:614][225]LogModuleManager: Shutting down and abandoning module AudioFormatADPCM (117)
[2017.12.19-16.30.05:614][225]LogModuleManager: Shutting down and abandoning module LinuxTargetPlatform (115)
[2017.12.19-16.30.05:614][225]LogModuleManager: Shutting down and abandoning module LinuxServerTargetPlatform (113)
[2017.12.19-16.30.05:614][225]LogModuleManager: Shutting down and abandoning module LinuxNoEditorTargetPlatform (111)
[2017.12.19-16.30.05:615][225]LogModuleManager: Shutting down and abandoning module LinuxClientTargetPlatform (109)
[2017.12.19-16.30.05:615][225]LogModuleManager: Shutting down and abandoning module TVOSTargetPlatform (107)
[2017.12.19-16.30.05:615][225]LogModuleManager: Shutting down and abandoning module Messaging (105)
[2017.12.19-16.30.05:615][225]LogModuleManager: Shutting down and abandoning module IOSTargetPlatform (103)
[2017.12.19-16.30.05:615][225]LogModuleManager: Shutting down and abandoning module HTML5TargetPlatform (101)
[2017.12.19-16.30.05:615][225]LogModuleManager: Shutting down and abandoning module AndroidTargetPlatform (99)
[2017.12.19-16.30.05:615][225]LogModuleManager: Shutting down and abandoning module Android_PVRTCTargetPlatform (97)
[2017.12.19-16.30.05:615][225]LogModuleManager: Shutting down and abandoning module Android_MultiTargetPlatform (95)
[2017.12.19-16.30.05:615][225]LogModuleManager: Shutting down and abandoning module Android_ETC2TargetPlatform (93)
[2017.12.19-16.30.05:615][225]LogModuleManager: Shutting down and abandoning module Android_ETC1TargetPlatform (91)
[2017.12.19-16.30.05:615][225]LogModuleManager: Shutting down and abandoning module Android_DXTTargetPlatform (89)
[2017.12.19-16.30.05:615][225]LogModuleManager: Shutting down and abandoning module Android_ATCTargetPlatform (87)
[2017.12.19-16.30.05:615][225]LogModuleManager: Shutting down and abandoning module Android_ASTCTargetPlatform (85)
[2017.12.19-16.30.05:615][225]LogModuleManager: Shutting down and abandoning module WindowsTargetPlatform (83)
[2017.12.19-16.30.05:615][225]LogModuleManager: Shutting down and abandoning module WindowsServerTargetPlatform (81)
[2017.12.19-16.30.05:616][225]LogModuleManager: Shutting down and abandoning module WindowsNoEditorTargetPlatform (79)
[2017.12.19-16.30.05:616][225]LogModuleManager: Shutting down and abandoning module WindowsClientTargetPlatform (77)
[2017.12.19-16.30.05:616][225]LogModuleManager: Shutting down and abandoning module MacTargetPlatform (75)
[2017.12.19-16.30.05:616][225]LogModuleManager: Shutting down and abandoning module MacServerTargetPlatform (73)
[2017.12.19-16.30.05:616][225]LogModuleManager: Shutting down and abandoning module MacNoEditorTargetPlatform (71)
[2017.12.19-16.30.05:616][225]LogModuleManager: Shutting down and abandoning module MacClientTargetPlatform (69)
[2017.12.19-16.30.05:616][225]LogModuleManager: Shutting down and abandoning module AllDesktopTargetPlatform (67)
[2017.12.19-16.30.05:616][225]LogModuleManager: Shutting down and abandoning module InputCore (64)
[2017.12.19-16.30.05:616][225]LogModuleManager: Shutting down and abandoning module Settings (62)
[2017.12.19-16.30.05:616][225]LogModuleManager: Shutting down and abandoning module PhysXCooking (60)
[2017.12.19-16.30.05:616][225]LogModuleManager: Shutting down and abandoning module SteamVR (58)
[2017.12.19-16.30.05:616][225]LogModuleManager: Shutting down and abandoning module OculusHMD (56)
[2017.12.19-16.30.05:626][225]LogModuleManager: Shutting down and abandoning module ExampleDeviceProfileSelector (54)
[2017.12.19-16.30.05:626][225]LogModuleManager: Shutting down and abandoning module AppleARKit (52)
[2017.12.19-16.30.05:626][225]LogModuleManager: Shutting down and abandoning module AugmentedReality (51)
[2017.12.19-16.30.05:626][225]LogModuleManager: Shutting down and abandoning module OnlineBlueprintSupport (48)
[2017.12.19-16.30.05:626][225]LogModuleManager: Shutting down and abandoning module OnlineSubsystem (44)
[2017.12.19-16.30.05:644][225]LogModuleManager: Shutting down and abandoning module XMPP (43)
[2017.12.19-16.30.05:652][225]LogModuleManager: Shutting down and abandoning module HTTP (41)
[2017.12.19-16.30.05:653][225]LogHttp: Display: Http module shutting down, but needs to wait on 1 outstanding Http requests:
[2017.12.19-16.30.05:669][225]LogHttp: Display: 	verb=[POST] url=[https://datarouter.ol.epicgames.com/datarouter/api/v1/public/data?SessionID=%7B36CF5A88-45FA-A404-FA39-16B67719AB81%7D&AppID=UEEditor.Rocket.Release&AppVersion=4.18.2-3794801%2B%2B%2BUE4%2BRelease-4.18&UserID=0ed7318b46516677bcb3b8a385c9fdd4%7C06cf4cce0a3a47edb8fc8cbad3c4a045%7C2bdb3c66-8c9e-4d36-8058-fe2f6566ac79&AppEnvironment=datacollector-binary&UploadType=eteventstream] status=Processing
[2017.12.19-16.30.05:686][225]LogModuleManager: Shutting down and abandoning module SSL (40)
[2017.12.19-16.30.05:693][225]LogModuleManager: Shutting down and abandoning module AnimationModifiers (36)
[2017.12.19-16.30.05:700][225]LogModuleManager: Shutting down and abandoning module PropertyEditor (35)
[2017.12.19-16.30.05:701][225]LogModuleManager: Shutting down and abandoning module AudioEditor (32)
[2017.12.19-16.30.05:707][225]LogModuleManager: Shutting down and abandoning module TextureCompressor (30)
[2017.12.19-16.30.05:750][225]LogModuleManager: Shutting down and abandoning module ShaderCore (28)
[2017.12.19-16.30.05:750][225]LogModuleManager: Shutting down and abandoning module Landscape (26)
[2017.12.19-16.30.05:750][225]LogModuleManager: Shutting down and abandoning module SlateRHIRenderer (24)
[2017.12.19-16.30.05:777][225]LogModuleManager: Shutting down and abandoning module OpenGLDrv (22)
[2017.12.19-16.30.05:801][225]LogModuleManager: Shutting down and abandoning module D3D11RHI (20)
[2017.12.19-16.30.05:801][225]LogModuleManager: Shutting down and abandoning module AnimGraphRuntime (18)
[2017.12.19-16.30.05:817][225]LogModuleManager: Shutting down and abandoning module Renderer (16)
[2017.12.19-16.30.05:817][225]LogModuleManager: Shutting down and abandoning module Engine (14)
[2017.12.19-16.30.05:833][225]LogModuleManager: Shutting down and abandoning module CoreUObject (12)
[2017.12.19-16.30.05:833][225]LogModuleManager: Shutting down and abandoning module NetworkFile (10)
[2017.12.19-16.30.05:833][225]LogModuleManager: Shutting down and abandoning module CookedIterativeFile (8)
[2017.12.19-16.30.05:833][225]LogModuleManager: Shutting down and abandoning module StreamingFile (6)
[2017.12.19-16.30.05:833][225]LogModuleManager: Shutting down and abandoning module SandboxFile (4)
[2017.12.19-16.30.05:852][225]LogModuleManager: Shutting down and abandoning module PakFile (2)
[2017.12.19-16.30.05:881][225]LogExit: Exiting.
[2017.12.19-16.30.05:888][225]Log file closed, 12/19/17 17:30:05
